<?xml version="1.0" encoding="UTF-8"?>
<!-- Generated by org.testng.reporters.JUnitReportReporter -->
<testsuite hostname="DESKTOP-137NM9T" failures="0" tests="1" name="com.qa.TestCases.ProductCheckOutTest" time="20.454" errors="0" timestamp="2024-01-12T18:10:22 EST" skipped="0">
  <testcase classname="com.qa.TestCases.ProductCheckOutTest" name="checkoutProduct" time="20.454"/>
</testsuite> <!-- com.qa.TestCases.ProductCheckOutTest -->
